[debug] [2020-10-25T14:41:24.786Z] ----------------------------------------------------------------------
[debug] [2020-10-25T14:41:24.791Z] Command:       C:\Program Files\nodejs\node.exe C:\Users\Ced Le Best\AppData\Roaming\npm\node_modules\firebase-tools\lib\bin\firebase.js emulators:start --only functions
[debug] [2020-10-25T14:41:24.792Z] CLI Version:   8.12.0
[debug] [2020-10-25T14:41:24.792Z] Platform:      win32
[debug] [2020-10-25T14:41:24.792Z] Node Version:  v12.18.4
[debug] [2020-10-25T14:41:24.795Z] Time:          Sun Oct 25 2020 10:41:24 GMT-0400 (GMT-04:00)
[debug] [2020-10-25T14:41:24.795Z] ----------------------------------------------------------------------
[debug] [2020-10-25T14:41:24.795Z] 
[debug] [2020-10-25T14:41:24.816Z] > command requires scopes: ["email","openid","https://www.googleapis.com/auth/cloudplatformprojects.readonly","https://www.googleapis.com/auth/firebase","https://www.googleapis.com/auth/cloud-platform"]
[debug] [2020-10-25T14:41:24.817Z] > authorizing via signed-in user
[info] i  emulators: Starting emulators: functions {"metadata":{"emulator":{"name":"hub"},"message":"Starting emulators: functions"}}
[debug] [2020-10-25T14:41:26.896Z] [hub] writing locator at C:\Users\CEDLEB~1\AppData\Local\Temp\hub-character-book.json
[warn] !  functions: The following emulators are not running, calls to these services from the Functions emulator will affect production: auth, firestore, database, hosting, pubsub {"metadata":{"emulator":{"name":"functions"},"message":"The following emulators are not running, calls to these services from the Functions emulator will affect production: \u001b[1mauth, firestore, database, hosting, pubsub\u001b[22m"}}
[warn] !  Your requested "node" version "10" doesn't match your global version "12" {"metadata":{"emulator":{"name":"functions"},"message":"Your requested \"node\" version \"10\" doesn't match your global version \"12\""}}
[debug] [2020-10-25T14:41:29.022Z] defaultcredentials: writing to file C:\Users\Ced Le Best\AppData\Roaming\firebase\cedric_michel.provencal_gmail.com_application_default_credentials.json
[debug] [2020-10-25T14:41:29.035Z] Setting GAC to C:\Users\Ced Le Best\AppData\Roaming\firebase\cedric_michel.provencal_gmail.com_application_default_credentials.json {"metadata":{"emulator":{"name":"functions"},"message":"Setting GAC to C:\\Users\\Ced Le Best\\AppData\\Roaming\\firebase\\cedric_michel.provencal_gmail.com_application_default_credentials.json"}}
[debug] [2020-10-25T14:41:33.094Z] Ignoring unsupported arg: auto_download {"metadata":{"emulator":{"name":"ui"},"message":"Ignoring unsupported arg: auto_download"}}
[debug] [2020-10-25T14:41:33.095Z] Ignoring unsupported arg: port {"metadata":{"emulator":{"name":"ui"},"message":"Ignoring unsupported arg: port"}}
[debug] [2020-10-25T14:41:33.095Z] Starting Emulator UI with command {"binary":"node","args":["C:\\Users\\Ced Le Best\\.cache\\firebase\\emulators\\ui-v1.1.1\\server.bundle.js"],"optionalArgs":[],"joinArgs":false} {"metadata":{"emulator":{"name":"ui"},"message":"Starting Emulator UI with command {\"binary\":\"node\",\"args\":[\"C:\\\\Users\\\\Ced Le Best\\\\.cache\\\\firebase\\\\emulators\\\\ui-v1.1.1\\\\server.bundle.js\"],\"optionalArgs\":[],\"joinArgs\":false}"}}
[info] i  ui: Emulator UI logging to ui-debug.log {"metadata":{"emulator":{"name":"ui"},"message":"Emulator UI logging to \u001b[1mui-debug.log\u001b[22m"}}
[debug] [2020-10-25T14:41:33.386Z] Web / API server started at http://localhost:4000
 {"metadata":{"emulator":{"name":"ui"},"message":"Web / API server started at http://localhost:4000\n"}}
[info] i  functions: Watching "C:\Users\Ced Le Best\Documents\GitHub\CharacterBookSite\functions" for Cloud Functions... {"metadata":{"emulator":{"name":"functions"},"message":"Watching \"C:\\Users\\Ced Le Best\\Documents\\GitHub\\CharacterBookSite\\functions\" for Cloud Functions..."}}
[debug] [2020-10-25T14:41:33.677Z] [worker-pool] addWorker(~diagnostic~) {"metadata":{"emulator":{"name":"functions"},"message":"[worker-pool] addWorker(~diagnostic~)"}}
[debug] [2020-10-25T14:41:33.678Z] [worker-pool] Adding worker with key ~diagnostic~, total=1 {"metadata":{"emulator":{"name":"functions"},"message":"[worker-pool] Adding worker with key ~diagnostic~, total=1"}}
[debug] [2020-10-25T14:41:33.679Z] [worker-pool] submitWork(triggerId=) {"metadata":{"emulator":{"name":"functions"},"message":"[worker-pool] submitWork(triggerId=)"}}
[debug] [2020-10-25T14:41:33.680Z] [worker-~diagnostic~-5655aeef-a5cd-4f6c-9247-c926e35ac60f]: Assigning socketPath: \\?\pipe\C:\Users\Ced Le Best\Documents\GitHub\CharacterBookSite\functions\15524 {"metadata":{"emulator":{"name":"functions"},"message":"[worker-~diagnostic~-5655aeef-a5cd-4f6c-9247-c926e35ac60f]: Assigning socketPath: \\\\?\\pipe\\C:\\Users\\Ced Le Best\\Documents\\GitHub\\CharacterBookSite\\functions\\15524"}}
[debug] [2020-10-25T14:41:33.681Z] [worker-~diagnostic~-5655aeef-a5cd-4f6c-9247-c926e35ac60f]: BUSY {"metadata":{"emulator":{"name":"functions"},"message":"[worker-~diagnostic~-5655aeef-a5cd-4f6c-9247-c926e35ac60f]: BUSY"}}
[debug] [2020-10-25T14:41:34.736Z] [runtime-status] [15524] Functions runtime initialized. {"cwd":"C:\\Users\\Ced Le Best\\Documents\\GitHub\\CharacterBookSite\\functions","node_version":"12.18.4"} {"metadata":{"emulator":{"name":"functions"},"message":"[runtime-status] [15524] Functions runtime initialized. {\"cwd\":\"C:\\\\Users\\\\Ced Le Best\\\\Documents\\\\GitHub\\\\CharacterBookSite\\\\functions\",\"node_version\":\"12.18.4\"}"}}
[debug] [2020-10-25T14:41:34.745Z] [runtime-status] [15524] Disabled runtime features: undefined {"metadata":{"emulator":{"name":"functions"},"message":"[runtime-status] [15524] Disabled runtime features: undefined"}}
[debug] [2020-10-25T14:41:34.762Z] [runtime-status] [15524] Resolved module firebase-admin {"declared":true,"installed":true,"version":"8.13.0","resolution":"C:\\Users\\Ced Le Best\\Documents\\GitHub\\CharacterBookSite\\functions\\node_modules\\firebase-admin\\lib\\index.js"} {"metadata":{"emulator":{"name":"functions"},"message":"[runtime-status] [15524] Resolved module firebase-admin {\"declared\":true,\"installed\":true,\"version\":\"8.13.0\",\"resolution\":\"C:\\\\Users\\\\Ced Le Best\\\\Documents\\\\GitHub\\\\CharacterBookSite\\\\functions\\\\node_modules\\\\firebase-admin\\\\lib\\\\index.js\"}"}}
[debug] [2020-10-25T14:41:34.766Z] [runtime-status] [15524] Resolved module firebase-functions {"declared":true,"installed":true,"version":"3.11.0","resolution":"C:\\Users\\Ced Le Best\\Documents\\GitHub\\CharacterBookSite\\functions\\node_modules\\firebase-functions\\lib\\index.js"} {"metadata":{"emulator":{"name":"functions"},"message":"[runtime-status] [15524] Resolved module firebase-functions {\"declared\":true,\"installed\":true,\"version\":\"3.11.0\",\"resolution\":\"C:\\\\Users\\\\Ced Le Best\\\\Documents\\\\GitHub\\\\CharacterBookSite\\\\functions\\\\node_modules\\\\firebase-functions\\\\lib\\\\index.js\"}"}}
[debug] [2020-10-25T14:41:34.769Z] [runtime-status] [15524] Resolved module firebase-functions {"declared":true,"installed":true,"version":"3.11.0","resolution":"C:\\Users\\Ced Le Best\\Documents\\GitHub\\CharacterBookSite\\functions\\node_modules\\firebase-functions\\lib\\index.js"} {"metadata":{"emulator":{"name":"functions"},"message":"[runtime-status] [15524] Resolved module firebase-functions {\"declared\":true,\"installed\":true,\"version\":\"3.11.0\",\"resolution\":\"C:\\\\Users\\\\Ced Le Best\\\\Documents\\\\GitHub\\\\CharacterBookSite\\\\functions\\\\node_modules\\\\firebase-functions\\\\lib\\\\index.js\"}"}}
[debug] [2020-10-25T14:41:34.774Z] [runtime-status] [15524] Outgoing network have been stubbed. [{"name":"http","status":"mocked"},{"name":"http","status":"mocked"},{"name":"https","status":"mocked"},{"name":"https","status":"mocked"},{"name":"net","status":"mocked"}] {"metadata":{"emulator":{"name":"functions"},"message":"[runtime-status] [15524] Outgoing network have been stubbed. [{\"name\":\"http\",\"status\":\"mocked\"},{\"name\":\"http\",\"status\":\"mocked\"},{\"name\":\"https\",\"status\":\"mocked\"},{\"name\":\"https\",\"status\":\"mocked\"},{\"name\":\"net\",\"status\":\"mocked\"}]"}}
[debug] [2020-10-25T14:41:34.775Z] [runtime-status] [15524] Resolved module firebase-functions {"declared":true,"installed":true,"version":"3.11.0","resolution":"C:\\Users\\Ced Le Best\\Documents\\GitHub\\CharacterBookSite\\functions\\node_modules\\firebase-functions\\lib\\index.js"} {"metadata":{"emulator":{"name":"functions"},"message":"[runtime-status] [15524] Resolved module firebase-functions {\"declared\":true,\"installed\":true,\"version\":\"3.11.0\",\"resolution\":\"C:\\\\Users\\\\Ced Le Best\\\\Documents\\\\GitHub\\\\CharacterBookSite\\\\functions\\\\node_modules\\\\firebase-functions\\\\lib\\\\index.js\"}"}}
[debug] [2020-10-25T14:41:34.905Z] [runtime-status] [15524] Checked functions.config() {"config":{}} {"metadata":{"emulator":{"name":"functions"},"message":"[runtime-status] [15524] Checked functions.config() {\"config\":{}}"}}
[debug] [2020-10-25T14:41:34.906Z] [runtime-status] [15524] firebase-functions has been stubbed. {"functionsResolution":{"declared":true,"installed":true,"version":"3.11.0","resolution":"C:\\Users\\Ced Le Best\\Documents\\GitHub\\CharacterBookSite\\functions\\node_modules\\firebase-functions\\lib\\index.js"}} {"metadata":{"emulator":{"name":"functions"},"message":"[runtime-status] [15524] firebase-functions has been stubbed. {\"functionsResolution\":{\"declared\":true,\"installed\":true,\"version\":\"3.11.0\",\"resolution\":\"C:\\\\Users\\\\Ced Le Best\\\\Documents\\\\GitHub\\\\CharacterBookSite\\\\functions\\\\node_modules\\\\firebase-functions\\\\lib\\\\index.js\"}}"}}
[debug] [2020-10-25T14:41:34.908Z] [runtime-status] [15524] Resolved module firebase-functions {"declared":true,"installed":true,"version":"3.11.0","resolution":"C:\\Users\\Ced Le Best\\Documents\\GitHub\\CharacterBookSite\\functions\\node_modules\\firebase-functions\\lib\\index.js"} {"metadata":{"emulator":{"name":"functions"},"message":"[runtime-status] [15524] Resolved module firebase-functions {\"declared\":true,\"installed\":true,\"version\":\"3.11.0\",\"resolution\":\"C:\\\\Users\\\\Ced Le Best\\\\Documents\\\\GitHub\\\\CharacterBookSite\\\\functions\\\\node_modules\\\\firebase-functions\\\\lib\\\\index.js\"}"}}
[debug] [2020-10-25T14:41:34.912Z] [runtime-status] [15524] Resolved module firebase-admin {"declared":true,"installed":true,"version":"8.13.0","resolution":"C:\\Users\\Ced Le Best\\Documents\\GitHub\\CharacterBookSite\\functions\\node_modules\\firebase-admin\\lib\\index.js"} {"metadata":{"emulator":{"name":"functions"},"message":"[runtime-status] [15524] Resolved module firebase-admin {\"declared\":true,\"installed\":true,\"version\":\"8.13.0\",\"resolution\":\"C:\\\\Users\\\\Ced Le Best\\\\Documents\\\\GitHub\\\\CharacterBookSite\\\\functions\\\\node_modules\\\\firebase-admin\\\\lib\\\\index.js\"}"}}
[debug] [2020-10-25T14:41:34.914Z] [runtime-status] [15524] Resolved module firebase-functions {"declared":true,"installed":true,"version":"3.11.0","resolution":"C:\\Users\\Ced Le Best\\Documents\\GitHub\\CharacterBookSite\\functions\\node_modules\\firebase-functions\\lib\\index.js"} {"metadata":{"emulator":{"name":"functions"},"message":"[runtime-status] [15524] Resolved module firebase-functions {\"declared\":true,\"installed\":true,\"version\":\"3.11.0\",\"resolution\":\"C:\\\\Users\\\\Ced Le Best\\\\Documents\\\\GitHub\\\\CharacterBookSite\\\\functions\\\\node_modules\\\\firebase-functions\\\\lib\\\\index.js\"}"}}
[debug] [2020-10-25T14:41:34.914Z] [runtime-status] [15524] firebase-admin has been stubbed. {"adminResolution":{"declared":true,"installed":true,"version":"8.13.0","resolution":"C:\\Users\\Ced Le Best\\Documents\\GitHub\\CharacterBookSite\\functions\\node_modules\\firebase-admin\\lib\\index.js"}} {"metadata":{"emulator":{"name":"functions"},"message":"[runtime-status] [15524] firebase-admin has been stubbed. {\"adminResolution\":{\"declared\":true,\"installed\":true,\"version\":\"8.13.0\",\"resolution\":\"C:\\\\Users\\\\Ced Le Best\\\\Documents\\\\GitHub\\\\CharacterBookSite\\\\functions\\\\node_modules\\\\firebase-admin\\\\lib\\\\index.js\"}}"}}
[info] +  functions[app]: http function initialized (http://localhost:5001/character-book/us-central1/app). {"metadata":{"emulator":{"name":"functions"},"message":"\u001b[1mhttp\u001b[22m function initialized (http://localhost:5001/character-book/us-central1/app)."}}
[info] 
┌───────────────────────────────────────────────────────────────────────┐
│ ✔  All emulators ready! View status and logs at http://localhost:4000 │
└───────────────────────────────────────────────────────────────────────┘

┌───────────┬────────────────┬─────────────────────────────────┐
│ Emulator  │ Host:Port      │ View in Emulator UI             │
├───────────┼────────────────┼─────────────────────────────────┤
│ Functions │ localhost:5001 │ http://localhost:4000/functions │
└───────────┴────────────────┴─────────────────────────────────┘
  Other reserved ports: 4400, 4500

Issues? Report them at https://github.com/firebase/firebase-tools/issues and attach the *-debug.log files.
 
[info] >  (node:15524) [SEQUELIZE0004] DeprecationWarning: A boolean value was passed to options.operatorsAliases. This is a no-op with v5 and should be removed. {"user":"(node:15524) [SEQUELIZE0004] DeprecationWarning: A boolean value was passed to options.operatorsAliases. This is a no-op with v5 and should be removed.","metadata":{"emulator":{"name":"functions"},"message":"\u001b[90m> \u001b[39m (node:15524) [SEQUELIZE0004] DeprecationWarning: A boolean value was passed to options.operatorsAliases. This is a no-op with v5 and should be removed."}}
[debug] [2020-10-25T14:41:36.424Z] [worker-~diagnostic~-5655aeef-a5cd-4f6c-9247-c926e35ac60f]: IDLE {"metadata":{"emulator":{"name":"functions"},"message":"[worker-~diagnostic~-5655aeef-a5cd-4f6c-9247-c926e35ac60f]: IDLE"}}
[info] >  Executing (default): SELECT 1+1 AS result {"user":"Executing (default): SELECT 1+1 AS result","metadata":{"emulator":{"name":"functions"},"message":"\u001b[90m> \u001b[39m Executing (default): SELECT 1+1 AS result"}}
[info] >  Executing (default): CREATE TABLE IF NOT EXISTS `races` (`id` INTEGER NOT NULL auto_increment , `Name` VARCHAR(255), `Description` VARCHAR(255), `SizeDescription` VARCHAR(255), `AgeDescription` VARCHAR(255), `SpeedDescription` VARCHAR(255), `LanguageDescription` VARCHAR(255), PRIMARY KEY (`id`)) ENGINE=InnoDB; {"user":"Executing (default): CREATE TABLE IF NOT EXISTS `races` (`id` INTEGER NOT NULL auto_increment , `Name` VARCHAR(255), `Description` VARCHAR(255), `SizeDescription` VARCHAR(255), `AgeDescription` VARCHAR(255), `SpeedDescription` VARCHAR(255), `LanguageDescription` VARCHAR(255), PRIMARY KEY (`id`)) ENGINE=InnoDB;","metadata":{"emulator":{"name":"functions"},"message":"\u001b[90m> \u001b[39m Executing (default): CREATE TABLE IF NOT EXISTS `races` (`id` INTEGER NOT NULL auto_increment , `Name` VARCHAR(255), `Description` VARCHAR(255), `SizeDescription` VARCHAR(255), `AgeDescription` VARCHAR(255), `SpeedDescription` VARCHAR(255), `LanguageDescription` VARCHAR(255), PRIMARY KEY (`id`)) ENGINE=InnoDB;"}}
[info] >  Connection has been established successfully. {"user":"\u001b[36mConnection has been established successfully.\u001b[0m","metadata":{"emulator":{"name":"functions"},"message":"\u001b[90m> \u001b[39m \u001b[36mConnection has been established successfully.\u001b[0m"}}
[info] >  Executing (default): SHOW INDEX FROM `races` {"user":"Executing (default): SHOW INDEX FROM `races`","metadata":{"emulator":{"name":"functions"},"message":"\u001b[90m> \u001b[39m Executing (default): SHOW INDEX FROM `races`"}}
[info] >  Executing (default): CREATE TABLE IF NOT EXISTS `classes` (`id` INTEGER NOT NULL auto_increment , `Name` VARCHAR(255), `Description` VARCHAR(255), PRIMARY KEY (`id`)) ENGINE=InnoDB; {"user":"Executing (default): CREATE TABLE IF NOT EXISTS `classes` (`id` INTEGER NOT NULL auto_increment , `Name` VARCHAR(255), `Description` VARCHAR(255), PRIMARY KEY (`id`)) ENGINE=InnoDB;","metadata":{"emulator":{"name":"functions"},"message":"\u001b[90m> \u001b[39m Executing (default): CREATE TABLE IF NOT EXISTS `classes` (`id` INTEGER NOT NULL auto_increment , `Name` VARCHAR(255), `Description` VARCHAR(255), PRIMARY KEY (`id`)) ENGINE=InnoDB;"}}
[info] >  Executing (default): SHOW INDEX FROM `classes` {"user":"Executing (default): SHOW INDEX FROM `classes`","metadata":{"emulator":{"name":"functions"},"message":"\u001b[90m> \u001b[39m Executing (default): SHOW INDEX FROM `classes`"}}
[info] >  Executing (default): CREATE TABLE IF NOT EXISTS `users` (`id` INTEGER NOT NULL auto_increment , `username` VARCHAR(255), `email` VARCHAR(255), `password` VARCHAR(255), `create_time` DATETIME, PRIMARY KEY (`id`)) ENGINE=InnoDB; {"user":"Executing (default): CREATE TABLE IF NOT EXISTS `users` (`id` INTEGER NOT NULL auto_increment , `username` VARCHAR(255), `email` VARCHAR(255), `password` VARCHAR(255), `create_time` DATETIME, PRIMARY KEY (`id`)) ENGINE=InnoDB;","metadata":{"emulator":{"name":"functions"},"message":"\u001b[90m> \u001b[39m Executing (default): CREATE TABLE IF NOT EXISTS `users` (`id` INTEGER NOT NULL auto_increment , `username` VARCHAR(255), `email` VARCHAR(255), `password` VARCHAR(255), `create_time` DATETIME, PRIMARY KEY (`id`)) ENGINE=InnoDB;"}}
[info] >  Executing (default): SHOW INDEX FROM `users` {"user":"Executing (default): SHOW INDEX FROM `users`","metadata":{"emulator":{"name":"functions"},"message":"\u001b[90m> \u001b[39m Executing (default): SHOW INDEX FROM `users`"}}
[debug] [2020-10-25T14:41:46.170Z] [work-queue] {"queueLength":1,"workRunningCount":0}
[debug] [2020-10-25T14:41:46.171Z] [work-queue] {"queueLength":0,"workRunningCount":1}
[debug] [2020-10-25T14:41:46.172Z] Accepted request GET /character-book/us-central1/app/api/races --> app
[debug] [2020-10-25T14:41:46.192Z] [worker-pool] addWorker(app) {"metadata":{"emulator":{"name":"functions"},"message":"[worker-pool] addWorker(app)"}}
[debug] [2020-10-25T14:41:46.193Z] [worker-pool] Adding worker with key app, total=1 {"metadata":{"emulator":{"name":"functions"},"message":"[worker-pool] Adding worker with key app, total=1"}}
[debug] [2020-10-25T14:41:46.193Z] [worker-pool] submitWork(triggerId=app) {"metadata":{"emulator":{"name":"functions"},"message":"[worker-pool] submitWork(triggerId=app)"}}
[debug] [2020-10-25T14:41:46.193Z] [worker-app-2d19a89f-1e72-4fbd-ae4c-06036c47b605]: Assigning socketPath: \\?\pipe\C:\Users\Ced Le Best\Documents\GitHub\CharacterBookSite\functions\1804 {"metadata":{"emulator":{"name":"functions"},"message":"[worker-app-2d19a89f-1e72-4fbd-ae4c-06036c47b605]: Assigning socketPath: \\\\?\\pipe\\C:\\Users\\Ced Le Best\\Documents\\GitHub\\CharacterBookSite\\functions\\1804"}}
[debug] [2020-10-25T14:41:46.194Z] [worker-app-2d19a89f-1e72-4fbd-ae4c-06036c47b605]: BUSY {"metadata":{"emulator":{"name":"functions"},"message":"[worker-app-2d19a89f-1e72-4fbd-ae4c-06036c47b605]: BUSY"}}
[debug] [2020-10-25T14:41:47.513Z] [runtime-status] [1804] Functions runtime initialized. {"cwd":"C:\\Users\\Ced Le Best\\Documents\\GitHub\\CharacterBookSite\\functions","node_version":"12.18.4"} {"metadata":{"emulator":{"name":"functions"},"function":{"name":"app"},"message":"[runtime-status] [1804] Functions runtime initialized. {\"cwd\":\"C:\\\\Users\\\\Ced Le Best\\\\Documents\\\\GitHub\\\\CharacterBookSite\\\\functions\",\"node_version\":\"12.18.4\"}"}}
[debug] [2020-10-25T14:41:47.520Z] [runtime-status] [1804] Disabled runtime features: undefined {"metadata":{"emulator":{"name":"functions"},"function":{"name":"app"},"message":"[runtime-status] [1804] Disabled runtime features: undefined"}}
[debug] [2020-10-25T14:41:47.543Z] [runtime-status] [1804] Resolved module firebase-admin {"declared":true,"installed":true,"version":"8.13.0","resolution":"C:\\Users\\Ced Le Best\\Documents\\GitHub\\CharacterBookSite\\functions\\node_modules\\firebase-admin\\lib\\index.js"} {"metadata":{"emulator":{"name":"functions"},"function":{"name":"app"},"message":"[runtime-status] [1804] Resolved module firebase-admin {\"declared\":true,\"installed\":true,\"version\":\"8.13.0\",\"resolution\":\"C:\\\\Users\\\\Ced Le Best\\\\Documents\\\\GitHub\\\\CharacterBookSite\\\\functions\\\\node_modules\\\\firebase-admin\\\\lib\\\\index.js\"}"}}
[debug] [2020-10-25T14:41:47.547Z] [runtime-status] [1804] Resolved module firebase-functions {"declared":true,"installed":true,"version":"3.11.0","resolution":"C:\\Users\\Ced Le Best\\Documents\\GitHub\\CharacterBookSite\\functions\\node_modules\\firebase-functions\\lib\\index.js"} {"metadata":{"emulator":{"name":"functions"},"function":{"name":"app"},"message":"[runtime-status] [1804] Resolved module firebase-functions {\"declared\":true,\"installed\":true,\"version\":\"3.11.0\",\"resolution\":\"C:\\\\Users\\\\Ced Le Best\\\\Documents\\\\GitHub\\\\CharacterBookSite\\\\functions\\\\node_modules\\\\firebase-functions\\\\lib\\\\index.js\"}"}}
[debug] [2020-10-25T14:41:47.550Z] [runtime-status] [1804] Resolved module firebase-functions {"declared":true,"installed":true,"version":"3.11.0","resolution":"C:\\Users\\Ced Le Best\\Documents\\GitHub\\CharacterBookSite\\functions\\node_modules\\firebase-functions\\lib\\index.js"} {"metadata":{"emulator":{"name":"functions"},"function":{"name":"app"},"message":"[runtime-status] [1804] Resolved module firebase-functions {\"declared\":true,\"installed\":true,\"version\":\"3.11.0\",\"resolution\":\"C:\\\\Users\\\\Ced Le Best\\\\Documents\\\\GitHub\\\\CharacterBookSite\\\\functions\\\\node_modules\\\\firebase-functions\\\\lib\\\\index.js\"}"}}
[debug] [2020-10-25T14:41:47.554Z] [runtime-status] [1804] Outgoing network have been stubbed. [{"name":"http","status":"mocked"},{"name":"http","status":"mocked"},{"name":"https","status":"mocked"},{"name":"https","status":"mocked"},{"name":"net","status":"mocked"}] {"metadata":{"emulator":{"name":"functions"},"function":{"name":"app"},"message":"[runtime-status] [1804] Outgoing network have been stubbed. [{\"name\":\"http\",\"status\":\"mocked\"},{\"name\":\"http\",\"status\":\"mocked\"},{\"name\":\"https\",\"status\":\"mocked\"},{\"name\":\"https\",\"status\":\"mocked\"},{\"name\":\"net\",\"status\":\"mocked\"}]"}}
[debug] [2020-10-25T14:41:47.556Z] [runtime-status] [1804] Resolved module firebase-functions {"declared":true,"installed":true,"version":"3.11.0","resolution":"C:\\Users\\Ced Le Best\\Documents\\GitHub\\CharacterBookSite\\functions\\node_modules\\firebase-functions\\lib\\index.js"} {"metadata":{"emulator":{"name":"functions"},"function":{"name":"app"},"message":"[runtime-status] [1804] Resolved module firebase-functions {\"declared\":true,\"installed\":true,\"version\":\"3.11.0\",\"resolution\":\"C:\\\\Users\\\\Ced Le Best\\\\Documents\\\\GitHub\\\\CharacterBookSite\\\\functions\\\\node_modules\\\\firebase-functions\\\\lib\\\\index.js\"}"}}
[debug] [2020-10-25T14:41:47.663Z] [runtime-status] [1804] Checked functions.config() {"config":{}} {"metadata":{"emulator":{"name":"functions"},"function":{"name":"app"},"message":"[runtime-status] [1804] Checked functions.config() {\"config\":{}}"}}
[debug] [2020-10-25T14:41:47.664Z] [runtime-status] [1804] firebase-functions has been stubbed. {"functionsResolution":{"declared":true,"installed":true,"version":"3.11.0","resolution":"C:\\Users\\Ced Le Best\\Documents\\GitHub\\CharacterBookSite\\functions\\node_modules\\firebase-functions\\lib\\index.js"}} {"metadata":{"emulator":{"name":"functions"},"function":{"name":"app"},"message":"[runtime-status] [1804] firebase-functions has been stubbed. {\"functionsResolution\":{\"declared\":true,\"installed\":true,\"version\":\"3.11.0\",\"resolution\":\"C:\\\\Users\\\\Ced Le Best\\\\Documents\\\\GitHub\\\\CharacterBookSite\\\\functions\\\\node_modules\\\\firebase-functions\\\\lib\\\\index.js\"}}"}}
[debug] [2020-10-25T14:41:47.665Z] [runtime-status] [1804] Resolved module firebase-functions {"declared":true,"installed":true,"version":"3.11.0","resolution":"C:\\Users\\Ced Le Best\\Documents\\GitHub\\CharacterBookSite\\functions\\node_modules\\firebase-functions\\lib\\index.js"} {"metadata":{"emulator":{"name":"functions"},"function":{"name":"app"},"message":"[runtime-status] [1804] Resolved module firebase-functions {\"declared\":true,\"installed\":true,\"version\":\"3.11.0\",\"resolution\":\"C:\\\\Users\\\\Ced Le Best\\\\Documents\\\\GitHub\\\\CharacterBookSite\\\\functions\\\\node_modules\\\\firebase-functions\\\\lib\\\\index.js\"}"}}
[debug] [2020-10-25T14:41:47.669Z] [runtime-status] [1804] Resolved module firebase-admin {"declared":true,"installed":true,"version":"8.13.0","resolution":"C:\\Users\\Ced Le Best\\Documents\\GitHub\\CharacterBookSite\\functions\\node_modules\\firebase-admin\\lib\\index.js"} {"metadata":{"emulator":{"name":"functions"},"function":{"name":"app"},"message":"[runtime-status] [1804] Resolved module firebase-admin {\"declared\":true,\"installed\":true,\"version\":\"8.13.0\",\"resolution\":\"C:\\\\Users\\\\Ced Le Best\\\\Documents\\\\GitHub\\\\CharacterBookSite\\\\functions\\\\node_modules\\\\firebase-admin\\\\lib\\\\index.js\"}"}}
[debug] [2020-10-25T14:41:47.671Z] [runtime-status] [1804] Resolved module firebase-functions {"declared":true,"installed":true,"version":"3.11.0","resolution":"C:\\Users\\Ced Le Best\\Documents\\GitHub\\CharacterBookSite\\functions\\node_modules\\firebase-functions\\lib\\index.js"} {"metadata":{"emulator":{"name":"functions"},"function":{"name":"app"},"message":"[runtime-status] [1804] Resolved module firebase-functions {\"declared\":true,\"installed\":true,\"version\":\"3.11.0\",\"resolution\":\"C:\\\\Users\\\\Ced Le Best\\\\Documents\\\\GitHub\\\\CharacterBookSite\\\\functions\\\\node_modules\\\\firebase-functions\\\\lib\\\\index.js\"}"}}
[debug] [2020-10-25T14:41:47.671Z] [runtime-status] [1804] firebase-admin has been stubbed. {"adminResolution":{"declared":true,"installed":true,"version":"8.13.0","resolution":"C:\\Users\\Ced Le Best\\Documents\\GitHub\\CharacterBookSite\\functions\\node_modules\\firebase-admin\\lib\\index.js"}} {"metadata":{"emulator":{"name":"functions"},"function":{"name":"app"},"message":"[runtime-status] [1804] firebase-admin has been stubbed. {\"adminResolution\":{\"declared\":true,\"installed\":true,\"version\":\"8.13.0\",\"resolution\":\"C:\\\\Users\\\\Ced Le Best\\\\Documents\\\\GitHub\\\\CharacterBookSite\\\\functions\\\\node_modules\\\\firebase-admin\\\\lib\\\\index.js\"}}"}}
[debug] [2020-10-25T14:41:49.265Z] [runtime-status] [1804] Trigger "app" has been found, beginning invocation! {"metadata":{"emulator":{"name":"functions"},"function":{"name":"app"},"message":"[runtime-status] [1804] Trigger \"app\" has been found, beginning invocation!"}}
[info] i  functions: Beginning execution of "app" {"metadata":{"emulator":{"name":"functions"},"function":{"name":"app"},"message":"Beginning execution of \"app\""}}
[debug] [2020-10-25T14:41:49.269Z] [runtime-status] [1804] triggerDefinition {"httpsTrigger":{},"name":"app","entryPoint":"app"} {"metadata":{"emulator":{"name":"functions"},"function":{"name":"app"},"message":"[runtime-status] [1804] triggerDefinition {\"httpsTrigger\":{},\"name\":\"app\",\"entryPoint\":\"app\"}"}}
[debug] [2020-10-25T14:41:49.270Z] [runtime-status] [1804] Running app in mode HTTPS {"metadata":{"emulator":{"name":"functions"},"function":{"name":"app"},"message":"[runtime-status] [1804] Running app in mode HTTPS"}}
[debug] [2020-10-25T14:41:49.282Z] [runtime-status] [1804] Attempting to listen to socketPath: \\?\pipe\C:\Users\Ced Le Best\Documents\GitHub\CharacterBookSite\functions\1804 {"metadata":{"emulator":{"name":"functions"},"function":{"name":"app"},"message":"[runtime-status] [1804] Attempting to listen to socketPath: \\\\?\\pipe\\C:\\Users\\Ced Le Best\\Documents\\GitHub\\CharacterBookSite\\functions\\1804"}}
[info] >  (node:1804) [SEQUELIZE0004] DeprecationWarning: A boolean value was passed to options.operatorsAliases. This is a no-op with v5 and should be removed. {"user":"(node:1804) [SEQUELIZE0004] DeprecationWarning: A boolean value was passed to options.operatorsAliases. This is a no-op with v5 and should be removed.","metadata":{"emulator":{"name":"functions"},"function":{"name":"app"},"message":"\u001b[90m> \u001b[39m (node:1804) [SEQUELIZE0004] DeprecationWarning: A boolean value was passed to options.operatorsAliases. This is a no-op with v5 and should be removed."}}
[debug] [2020-10-25T14:41:49.318Z] [functions] Runtime ready! Sending request! {"metadata":{"emulator":{"name":"functions"},"message":"[functions] Runtime ready! Sending request!"}}
[debug] [2020-10-25T14:41:49.428Z] [runtime-status] [1804] Ephemeral server handling GET request {"metadata":{"emulator":{"name":"functions"},"function":{"name":"app"},"message":"[runtime-status] [1804] Ephemeral server handling GET request"}}
[info] >  undefined {"user":"undefined","metadata":{"emulator":{"name":"functions"},"function":{"name":"app"},"message":"\u001b[90m> \u001b[39m undefined"}}
[debug] [2020-10-25T14:41:49.457Z] [runtime-status] [1804] Ephemeral server survived. {"metadata":{"emulator":{"name":"functions"},"function":{"name":"app"},"message":"[runtime-status] [1804] Ephemeral server survived."}}
[info] >  race {"user":"race","metadata":{"emulator":{"name":"functions"},"function":{"name":"app"},"message":"\u001b[90m> \u001b[39m race"}}
[info] >  null {"user":null,"metadata":{"emulator":{"name":"functions"},"function":{"name":"app"},"message":"\u001b[90m> \u001b[39m null"}}
[info] >  Executing (default): SELECT 1+1 AS result {"user":"Executing (default): SELECT 1+1 AS result","metadata":{"emulator":{"name":"functions"},"function":{"name":"app"},"message":"\u001b[90m> \u001b[39m Executing (default): SELECT 1+1 AS result"}}
[info] >  Executing (default): CREATE TABLE IF NOT EXISTS `races` (`id` INTEGER NOT NULL auto_increment , `Name` VARCHAR(255), `Description` VARCHAR(255), `SizeDescription` VARCHAR(255), `AgeDescription` VARCHAR(255), `SpeedDescription` VARCHAR(255), `LanguageDescription` VARCHAR(255), PRIMARY KEY (`id`)) ENGINE=InnoDB; {"user":"Executing (default): CREATE TABLE IF NOT EXISTS `races` (`id` INTEGER NOT NULL auto_increment , `Name` VARCHAR(255), `Description` VARCHAR(255), `SizeDescription` VARCHAR(255), `AgeDescription` VARCHAR(255), `SpeedDescription` VARCHAR(255), `LanguageDescription` VARCHAR(255), PRIMARY KEY (`id`)) ENGINE=InnoDB;","metadata":{"emulator":{"name":"functions"},"function":{"name":"app"},"message":"\u001b[90m> \u001b[39m Executing (default): CREATE TABLE IF NOT EXISTS `races` (`id` INTEGER NOT NULL auto_increment , `Name` VARCHAR(255), `Description` VARCHAR(255), `SizeDescription` VARCHAR(255), `AgeDescription` VARCHAR(255), `SpeedDescription` VARCHAR(255), `LanguageDescription` VARCHAR(255), PRIMARY KEY (`id`)) ENGINE=InnoDB;"}}
[info] >  Executing (default): SELECT `id`, `Name`, `Description`, `SizeDescription`, `AgeDescription`, `SpeedDescription`, `LanguageDescription` FROM `races` AS `race`; {"user":"Executing (default): SELECT `id`, `Name`, `Description`, `SizeDescription`, `AgeDescription`, `SpeedDescription`, `LanguageDescription` FROM `races` AS `race`;","metadata":{"emulator":{"name":"functions"},"function":{"name":"app"},"message":"\u001b[90m> \u001b[39m Executing (default): SELECT `id`, `Name`, `Description`, `SizeDescription`, `AgeDescription`, `SpeedDescription`, `LanguageDescription` FROM `races` AS `race`;"}}
[info] >  Connection has been established successfully. {"user":"\u001b[36mConnection has been established successfully.\u001b[0m","metadata":{"emulator":{"name":"functions"},"function":{"name":"app"},"message":"\u001b[90m> \u001b[39m \u001b[36mConnection has been established successfully.\u001b[0m"}}
[info] >  Executing (default): SHOW INDEX FROM `races` {"user":"Executing (default): SHOW INDEX FROM `races`","metadata":{"emulator":{"name":"functions"},"function":{"name":"app"},"message":"\u001b[90m> \u001b[39m Executing (default): SHOW INDEX FROM `races`"}}
[info] i  functions: Finished "app" in ~1s {"metadata":{"emulator":{"name":"functions"},"function":{"name":"app"},"message":"Finished \"app\" in ~1s"}}
[debug] [2020-10-25T14:41:49.616Z] [worker-app-2d19a89f-1e72-4fbd-ae4c-06036c47b605]: IDLE {"metadata":{"emulator":{"name":"functions"},"message":"[worker-app-2d19a89f-1e72-4fbd-ae4c-06036c47b605]: IDLE"}}
[debug] [2020-10-25T14:41:49.617Z] [work-queue] {"queueLength":0,"workRunningCount":0}
[info] >  Executing (default): CREATE TABLE IF NOT EXISTS `classes` (`id` INTEGER NOT NULL auto_increment , `Name` VARCHAR(255), `Description` VARCHAR(255), PRIMARY KEY (`id`)) ENGINE=InnoDB; {"user":"Executing (default): CREATE TABLE IF NOT EXISTS `classes` (`id` INTEGER NOT NULL auto_increment , `Name` VARCHAR(255), `Description` VARCHAR(255), PRIMARY KEY (`id`)) ENGINE=InnoDB;","metadata":{"emulator":{"name":"functions"},"function":{"name":"app"},"message":"\u001b[90m> \u001b[39m Executing (default): CREATE TABLE IF NOT EXISTS `classes` (`id` INTEGER NOT NULL auto_increment , `Name` VARCHAR(255), `Description` VARCHAR(255), PRIMARY KEY (`id`)) ENGINE=InnoDB;"}}
[info] >  Executing (default): SHOW INDEX FROM `classes` {"user":"Executing (default): SHOW INDEX FROM `classes`","metadata":{"emulator":{"name":"functions"},"function":{"name":"app"},"message":"\u001b[90m> \u001b[39m Executing (default): SHOW INDEX FROM `classes`"}}
[info] >  Executing (default): CREATE TABLE IF NOT EXISTS `users` (`id` INTEGER NOT NULL auto_increment , `username` VARCHAR(255), `email` VARCHAR(255), `password` VARCHAR(255), `create_time` DATETIME, PRIMARY KEY (`id`)) ENGINE=InnoDB; {"user":"Executing (default): CREATE TABLE IF NOT EXISTS `users` (`id` INTEGER NOT NULL auto_increment , `username` VARCHAR(255), `email` VARCHAR(255), `password` VARCHAR(255), `create_time` DATETIME, PRIMARY KEY (`id`)) ENGINE=InnoDB;","metadata":{"emulator":{"name":"functions"},"function":{"name":"app"},"message":"\u001b[90m> \u001b[39m Executing (default): CREATE TABLE IF NOT EXISTS `users` (`id` INTEGER NOT NULL auto_increment , `username` VARCHAR(255), `email` VARCHAR(255), `password` VARCHAR(255), `create_time` DATETIME, PRIMARY KEY (`id`)) ENGINE=InnoDB;"}}
[info] >  Executing (default): SHOW INDEX FROM `users` {"user":"Executing (default): SHOW INDEX FROM `users`","metadata":{"emulator":{"name":"functions"},"function":{"name":"app"},"message":"\u001b[90m> \u001b[39m Executing (default): SHOW INDEX FROM `users`"}}
[debug] [2020-10-25T15:03:17.433Z] [work-queue] {"queueLength":1,"workRunningCount":0}
[debug] [2020-10-25T15:03:17.434Z] [work-queue] {"queueLength":0,"workRunningCount":1}
[debug] [2020-10-25T15:03:17.435Z] Accepted request GET /character-book/us-central1/app/api/users/ced/123123 --> app
[debug] [2020-10-25T15:03:17.435Z] [worker-pool] submitWork(triggerId=app) {"metadata":{"emulator":{"name":"functions"},"message":"[worker-pool] submitWork(triggerId=app)"}}
[debug] [2020-10-25T15:03:17.436Z] [worker-app-2d19a89f-1e72-4fbd-ae4c-06036c47b605]: Assigning socketPath: \\?\pipe\C:\Users\Ced Le Best\Documents\GitHub\CharacterBookSite\functions\1804 {"metadata":{"emulator":{"name":"functions"},"message":"[worker-app-2d19a89f-1e72-4fbd-ae4c-06036c47b605]: Assigning socketPath: \\\\?\\pipe\\C:\\Users\\Ced Le Best\\Documents\\GitHub\\CharacterBookSite\\functions\\1804"}}
[debug] [2020-10-25T15:03:17.436Z] [worker-app-2d19a89f-1e72-4fbd-ae4c-06036c47b605]: BUSY {"metadata":{"emulator":{"name":"functions"},"message":"[worker-app-2d19a89f-1e72-4fbd-ae4c-06036c47b605]: BUSY"}}
[debug] [2020-10-25T15:03:17.438Z] [runtime-status] [1804] Trigger "app" has been found, beginning invocation! {"metadata":{"emulator":{"name":"functions"},"function":{"name":"app"},"message":"[runtime-status] [1804] Trigger \"app\" has been found, beginning invocation!"}}
[info] i  functions: Beginning execution of "app" {"metadata":{"emulator":{"name":"functions"},"function":{"name":"app"},"message":"Beginning execution of \"app\""}}
[debug] [2020-10-25T15:03:17.441Z] [runtime-status] [1804] triggerDefinition {"httpsTrigger":{},"name":"app","entryPoint":"app"} {"metadata":{"emulator":{"name":"functions"},"function":{"name":"app"},"message":"[runtime-status] [1804] triggerDefinition {\"httpsTrigger\":{},\"name\":\"app\",\"entryPoint\":\"app\"}"}}
[debug] [2020-10-25T15:03:17.442Z] [runtime-status] [1804] Running app in mode HTTPS {"metadata":{"emulator":{"name":"functions"},"function":{"name":"app"},"message":"[runtime-status] [1804] Running app in mode HTTPS"}}
[debug] [2020-10-25T15:03:17.442Z] [runtime-status] [1804] Attempting to listen to socketPath: \\?\pipe\C:\Users\Ced Le Best\Documents\GitHub\CharacterBookSite\functions\1804 {"metadata":{"emulator":{"name":"functions"},"function":{"name":"app"},"message":"[runtime-status] [1804] Attempting to listen to socketPath: \\\\?\\pipe\\C:\\Users\\Ced Le Best\\Documents\\GitHub\\CharacterBookSite\\functions\\1804"}}
[debug] [2020-10-25T15:03:17.446Z] [functions] Runtime ready! Sending request! {"metadata":{"emulator":{"name":"functions"},"message":"[functions] Runtime ready! Sending request!"}}
[debug] [2020-10-25T15:03:17.457Z] [runtime-status] [1804] Ephemeral server handling GET request {"metadata":{"emulator":{"name":"functions"},"function":{"name":"app"},"message":"[runtime-status] [1804] Ephemeral server handling GET request"}}
[info] >  username=ced {"user":"username=ced","metadata":{"emulator":{"name":"functions"},"function":{"name":"app"},"message":"\u001b[90m> \u001b[39m username=ced"}}
[info] >  password=123123 {"user":"password=123123","metadata":{"emulator":{"name":"functions"},"function":{"name":"app"},"message":"\u001b[90m> \u001b[39m password=123123"}}
[info] >  user {"user":"user","metadata":{"emulator":{"name":"functions"},"function":{"name":"app"},"message":"\u001b[90m> \u001b[39m user"}}
[debug] [2020-10-25T15:03:17.468Z] [runtime-status] [1804] Ephemeral server survived. {"metadata":{"emulator":{"name":"functions"},"function":{"name":"app"},"message":"[runtime-status] [1804] Ephemeral server survived."}}
[info] >  Executing (default): SELECT `id`, `username`, `email`, `password`, `create_time` FROM `users` AS `user` WHERE `user`.`username` = 'ced' AND `user`.`password` = '123123' LIMIT 1; {"user":"Executing (default): SELECT `id`, `username`, `email`, `password`, `create_time` FROM `users` AS `user` WHERE `user`.`username` = 'ced' AND `user`.`password` = '123123' LIMIT 1;","metadata":{"emulator":{"name":"functions"},"function":{"name":"app"},"message":"\u001b[90m> \u001b[39m Executing (default): SELECT `id`, `username`, `email`, `password`, `create_time` FROM `users` AS `user` WHERE `user`.`username` = 'ced' AND `user`.`password` = '123123' LIMIT 1;"}}
[info] i  functions: Finished "app" in ~1s {"metadata":{"emulator":{"name":"functions"},"function":{"name":"app"},"message":"Finished \"app\" in ~1s"}}
[debug] [2020-10-25T15:03:17.500Z] [worker-app-2d19a89f-1e72-4fbd-ae4c-06036c47b605]: IDLE {"metadata":{"emulator":{"name":"functions"},"message":"[worker-app-2d19a89f-1e72-4fbd-ae4c-06036c47b605]: IDLE"}}
[debug] [2020-10-25T15:03:17.501Z] [work-queue] {"queueLength":0,"workRunningCount":0}
[debug] [2020-10-25T15:03:24.696Z] [work-queue] {"queueLength":1,"workRunningCount":0}
[debug] [2020-10-25T15:03:24.697Z] [work-queue] {"queueLength":0,"workRunningCount":1}
[debug] [2020-10-25T15:03:24.697Z] Accepted request GET /character-book/us-central1/app/api/races --> app
[debug] [2020-10-25T15:03:24.698Z] [worker-pool] submitWork(triggerId=app) {"metadata":{"emulator":{"name":"functions"},"message":"[worker-pool] submitWork(triggerId=app)"}}
[debug] [2020-10-25T15:03:24.698Z] [worker-app-2d19a89f-1e72-4fbd-ae4c-06036c47b605]: Assigning socketPath: \\?\pipe\C:\Users\Ced Le Best\Documents\GitHub\CharacterBookSite\functions\1804 {"metadata":{"emulator":{"name":"functions"},"message":"[worker-app-2d19a89f-1e72-4fbd-ae4c-06036c47b605]: Assigning socketPath: \\\\?\\pipe\\C:\\Users\\Ced Le Best\\Documents\\GitHub\\CharacterBookSite\\functions\\1804"}}
[debug] [2020-10-25T15:03:24.699Z] [worker-app-2d19a89f-1e72-4fbd-ae4c-06036c47b605]: BUSY {"metadata":{"emulator":{"name":"functions"},"message":"[worker-app-2d19a89f-1e72-4fbd-ae4c-06036c47b605]: BUSY"}}
[debug] [2020-10-25T15:03:24.701Z] [work-queue] {"queueLength":1,"workRunningCount":1}
[debug] [2020-10-25T15:03:24.702Z] [work-queue] {"queueLength":0,"workRunningCount":2}
[debug] [2020-10-25T15:03:24.702Z] Accepted request GET /character-book/us-central1/app/api/classes --> app
[debug] [2020-10-25T15:03:24.729Z] [worker-pool] addWorker(app) {"metadata":{"emulator":{"name":"functions"},"message":"[worker-pool] addWorker(app)"}}
[debug] [2020-10-25T15:03:24.729Z] [worker-pool] Adding worker with key app, total=2 {"metadata":{"emulator":{"name":"functions"},"message":"[worker-pool] Adding worker with key app, total=2"}}
[debug] [2020-10-25T15:03:24.730Z] [worker-pool] submitWork(triggerId=app) {"metadata":{"emulator":{"name":"functions"},"message":"[worker-pool] submitWork(triggerId=app)"}}
[debug] [2020-10-25T15:03:24.730Z] [worker-app-d7ba8865-5a25-463b-a5f2-041e00491653]: Assigning socketPath: \\?\pipe\C:\Users\Ced Le Best\Documents\GitHub\CharacterBookSite\functions\14464 {"metadata":{"emulator":{"name":"functions"},"message":"[worker-app-d7ba8865-5a25-463b-a5f2-041e00491653]: Assigning socketPath: \\\\?\\pipe\\C:\\Users\\Ced Le Best\\Documents\\GitHub\\CharacterBookSite\\functions\\14464"}}
[debug] [2020-10-25T15:03:24.731Z] [worker-app-d7ba8865-5a25-463b-a5f2-041e00491653]: BUSY {"metadata":{"emulator":{"name":"functions"},"message":"[worker-app-d7ba8865-5a25-463b-a5f2-041e00491653]: BUSY"}}
[debug] [2020-10-25T15:03:24.732Z] [runtime-status] [1804] Trigger "app" has been found, beginning invocation! {"metadata":{"emulator":{"name":"functions"},"function":{"name":"app"},"message":"[runtime-status] [1804] Trigger \"app\" has been found, beginning invocation!"}}
[info] i  functions: Beginning execution of "app" {"metadata":{"emulator":{"name":"functions"},"function":{"name":"app"},"message":"Beginning execution of \"app\""}}
[debug] [2020-10-25T15:03:24.736Z] [runtime-status] [1804] triggerDefinition {"httpsTrigger":{},"name":"app","entryPoint":"app"} {"metadata":{"emulator":{"name":"functions"},"function":{"name":"app"},"message":"[runtime-status] [1804] triggerDefinition {\"httpsTrigger\":{},\"name\":\"app\",\"entryPoint\":\"app\"}"}}
[debug] [2020-10-25T15:03:24.737Z] [runtime-status] [1804] Running app in mode HTTPS {"metadata":{"emulator":{"name":"functions"},"function":{"name":"app"},"message":"[runtime-status] [1804] Running app in mode HTTPS"}}
[debug] [2020-10-25T15:03:24.737Z] [runtime-status] [1804] Attempting to listen to socketPath: \\?\pipe\C:\Users\Ced Le Best\Documents\GitHub\CharacterBookSite\functions\1804 {"metadata":{"emulator":{"name":"functions"},"function":{"name":"app"},"message":"[runtime-status] [1804] Attempting to listen to socketPath: \\\\?\\pipe\\C:\\Users\\Ced Le Best\\Documents\\GitHub\\CharacterBookSite\\functions\\1804"}}
[debug] [2020-10-25T15:03:24.742Z] [functions] Runtime ready! Sending request! {"metadata":{"emulator":{"name":"functions"},"message":"[functions] Runtime ready! Sending request!"}}
[debug] [2020-10-25T15:03:24.752Z] [runtime-status] [1804] Ephemeral server handling GET request {"metadata":{"emulator":{"name":"functions"},"function":{"name":"app"},"message":"[runtime-status] [1804] Ephemeral server handling GET request"}}
[info] >  undefined {"user":"undefined","metadata":{"emulator":{"name":"functions"},"function":{"name":"app"},"message":"\u001b[90m> \u001b[39m undefined"}}
[info] >  race {"user":"race","metadata":{"emulator":{"name":"functions"},"function":{"name":"app"},"message":"\u001b[90m> \u001b[39m race"}}
[info] >  null {"user":null,"metadata":{"emulator":{"name":"functions"},"function":{"name":"app"},"message":"\u001b[90m> \u001b[39m null"}}
[debug] [2020-10-25T15:03:24.761Z] [runtime-status] [1804] Ephemeral server survived. {"metadata":{"emulator":{"name":"functions"},"function":{"name":"app"},"message":"[runtime-status] [1804] Ephemeral server survived."}}
[info] >  Executing (default): SELECT `id`, `Name`, `Description`, `SizeDescription`, `AgeDescription`, `SpeedDescription`, `LanguageDescription` FROM `races` AS `race`; {"user":"Executing (default): SELECT `id`, `Name`, `Description`, `SizeDescription`, `AgeDescription`, `SpeedDescription`, `LanguageDescription` FROM `races` AS `race`;","metadata":{"emulator":{"name":"functions"},"function":{"name":"app"},"message":"\u001b[90m> \u001b[39m Executing (default): SELECT `id`, `Name`, `Description`, `SizeDescription`, `AgeDescription`, `SpeedDescription`, `LanguageDescription` FROM `races` AS `race`;"}}
[info] i  functions: Finished "app" in ~1s {"metadata":{"emulator":{"name":"functions"},"function":{"name":"app"},"message":"Finished \"app\" in ~1s"}}
[debug] [2020-10-25T15:03:24.770Z] [worker-app-2d19a89f-1e72-4fbd-ae4c-06036c47b605]: IDLE {"metadata":{"emulator":{"name":"functions"},"message":"[worker-app-2d19a89f-1e72-4fbd-ae4c-06036c47b605]: IDLE"}}
[debug] [2020-10-25T15:03:24.770Z] [work-queue] {"queueLength":0,"workRunningCount":1}
[debug] [2020-10-25T15:03:25.996Z] [runtime-status] [14464] Functions runtime initialized. {"cwd":"C:\\Users\\Ced Le Best\\Documents\\GitHub\\CharacterBookSite\\functions","node_version":"12.18.4"} {"metadata":{"emulator":{"name":"functions"},"function":{"name":"app"},"message":"[runtime-status] [14464] Functions runtime initialized. {\"cwd\":\"C:\\\\Users\\\\Ced Le Best\\\\Documents\\\\GitHub\\\\CharacterBookSite\\\\functions\",\"node_version\":\"12.18.4\"}"}}
[debug] [2020-10-25T15:03:25.999Z] [runtime-status] [14464] Disabled runtime features: undefined {"metadata":{"emulator":{"name":"functions"},"function":{"name":"app"},"message":"[runtime-status] [14464] Disabled runtime features: undefined"}}
[debug] [2020-10-25T15:03:26.020Z] [runtime-status] [14464] Resolved module firebase-admin {"declared":true,"installed":true,"version":"8.13.0","resolution":"C:\\Users\\Ced Le Best\\Documents\\GitHub\\CharacterBookSite\\functions\\node_modules\\firebase-admin\\lib\\index.js"} {"metadata":{"emulator":{"name":"functions"},"function":{"name":"app"},"message":"[runtime-status] [14464] Resolved module firebase-admin {\"declared\":true,\"installed\":true,\"version\":\"8.13.0\",\"resolution\":\"C:\\\\Users\\\\Ced Le Best\\\\Documents\\\\GitHub\\\\CharacterBookSite\\\\functions\\\\node_modules\\\\firebase-admin\\\\lib\\\\index.js\"}"}}
[debug] [2020-10-25T15:03:26.025Z] [runtime-status] [14464] Resolved module firebase-functions {"declared":true,"installed":true,"version":"3.11.0","resolution":"C:\\Users\\Ced Le Best\\Documents\\GitHub\\CharacterBookSite\\functions\\node_modules\\firebase-functions\\lib\\index.js"} {"metadata":{"emulator":{"name":"functions"},"function":{"name":"app"},"message":"[runtime-status] [14464] Resolved module firebase-functions {\"declared\":true,\"installed\":true,\"version\":\"3.11.0\",\"resolution\":\"C:\\\\Users\\\\Ced Le Best\\\\Documents\\\\GitHub\\\\CharacterBookSite\\\\functions\\\\node_modules\\\\firebase-functions\\\\lib\\\\index.js\"}"}}
[debug] [2020-10-25T15:03:26.027Z] [runtime-status] [14464] Resolved module firebase-functions {"declared":true,"installed":true,"version":"3.11.0","resolution":"C:\\Users\\Ced Le Best\\Documents\\GitHub\\CharacterBookSite\\functions\\node_modules\\firebase-functions\\lib\\index.js"} {"metadata":{"emulator":{"name":"functions"},"function":{"name":"app"},"message":"[runtime-status] [14464] Resolved module firebase-functions {\"declared\":true,\"installed\":true,\"version\":\"3.11.0\",\"resolution\":\"C:\\\\Users\\\\Ced Le Best\\\\Documents\\\\GitHub\\\\CharacterBookSite\\\\functions\\\\node_modules\\\\firebase-functions\\\\lib\\\\index.js\"}"}}
[debug] [2020-10-25T15:03:26.030Z] [runtime-status] [14464] Outgoing network have been stubbed. [{"name":"http","status":"mocked"},{"name":"http","status":"mocked"},{"name":"https","status":"mocked"},{"name":"https","status":"mocked"},{"name":"net","status":"mocked"}] {"metadata":{"emulator":{"name":"functions"},"function":{"name":"app"},"message":"[runtime-status] [14464] Outgoing network have been stubbed. [{\"name\":\"http\",\"status\":\"mocked\"},{\"name\":\"http\",\"status\":\"mocked\"},{\"name\":\"https\",\"status\":\"mocked\"},{\"name\":\"https\",\"status\":\"mocked\"},{\"name\":\"net\",\"status\":\"mocked\"}]"}}
[debug] [2020-10-25T15:03:26.032Z] [runtime-status] [14464] Resolved module firebase-functions {"declared":true,"installed":true,"version":"3.11.0","resolution":"C:\\Users\\Ced Le Best\\Documents\\GitHub\\CharacterBookSite\\functions\\node_modules\\firebase-functions\\lib\\index.js"} {"metadata":{"emulator":{"name":"functions"},"function":{"name":"app"},"message":"[runtime-status] [14464] Resolved module firebase-functions {\"declared\":true,\"installed\":true,\"version\":\"3.11.0\",\"resolution\":\"C:\\\\Users\\\\Ced Le Best\\\\Documents\\\\GitHub\\\\CharacterBookSite\\\\functions\\\\node_modules\\\\firebase-functions\\\\lib\\\\index.js\"}"}}
[debug] [2020-10-25T15:03:26.132Z] [runtime-status] [14464] Checked functions.config() {"config":{}} {"metadata":{"emulator":{"name":"functions"},"function":{"name":"app"},"message":"[runtime-status] [14464] Checked functions.config() {\"config\":{}}"}}
[debug] [2020-10-25T15:03:26.132Z] [runtime-status] [14464] firebase-functions has been stubbed. {"functionsResolution":{"declared":true,"installed":true,"version":"3.11.0","resolution":"C:\\Users\\Ced Le Best\\Documents\\GitHub\\CharacterBookSite\\functions\\node_modules\\firebase-functions\\lib\\index.js"}} {"metadata":{"emulator":{"name":"functions"},"function":{"name":"app"},"message":"[runtime-status] [14464] firebase-functions has been stubbed. {\"functionsResolution\":{\"declared\":true,\"installed\":true,\"version\":\"3.11.0\",\"resolution\":\"C:\\\\Users\\\\Ced Le Best\\\\Documents\\\\GitHub\\\\CharacterBookSite\\\\functions\\\\node_modules\\\\firebase-functions\\\\lib\\\\index.js\"}}"}}
[debug] [2020-10-25T15:03:26.133Z] [runtime-status] [14464] Resolved module firebase-functions {"declared":true,"installed":true,"version":"3.11.0","resolution":"C:\\Users\\Ced Le Best\\Documents\\GitHub\\CharacterBookSite\\functions\\node_modules\\firebase-functions\\lib\\index.js"} {"metadata":{"emulator":{"name":"functions"},"function":{"name":"app"},"message":"[runtime-status] [14464] Resolved module firebase-functions {\"declared\":true,\"installed\":true,\"version\":\"3.11.0\",\"resolution\":\"C:\\\\Users\\\\Ced Le Best\\\\Documents\\\\GitHub\\\\CharacterBookSite\\\\functions\\\\node_modules\\\\firebase-functions\\\\lib\\\\index.js\"}"}}
[debug] [2020-10-25T15:03:26.136Z] [runtime-status] [14464] Resolved module firebase-admin {"declared":true,"installed":true,"version":"8.13.0","resolution":"C:\\Users\\Ced Le Best\\Documents\\GitHub\\CharacterBookSite\\functions\\node_modules\\firebase-admin\\lib\\index.js"} {"metadata":{"emulator":{"name":"functions"},"function":{"name":"app"},"message":"[runtime-status] [14464] Resolved module firebase-admin {\"declared\":true,\"installed\":true,\"version\":\"8.13.0\",\"resolution\":\"C:\\\\Users\\\\Ced Le Best\\\\Documents\\\\GitHub\\\\CharacterBookSite\\\\functions\\\\node_modules\\\\firebase-admin\\\\lib\\\\index.js\"}"}}
[debug] [2020-10-25T15:03:26.137Z] [runtime-status] [14464] Resolved module firebase-functions {"declared":true,"installed":true,"version":"3.11.0","resolution":"C:\\Users\\Ced Le Best\\Documents\\GitHub\\CharacterBookSite\\functions\\node_modules\\firebase-functions\\lib\\index.js"} {"metadata":{"emulator":{"name":"functions"},"function":{"name":"app"},"message":"[runtime-status] [14464] Resolved module firebase-functions {\"declared\":true,\"installed\":true,\"version\":\"3.11.0\",\"resolution\":\"C:\\\\Users\\\\Ced Le Best\\\\Documents\\\\GitHub\\\\CharacterBookSite\\\\functions\\\\node_modules\\\\firebase-functions\\\\lib\\\\index.js\"}"}}
[debug] [2020-10-25T15:03:26.138Z] [runtime-status] [14464] firebase-admin has been stubbed. {"adminResolution":{"declared":true,"installed":true,"version":"8.13.0","resolution":"C:\\Users\\Ced Le Best\\Documents\\GitHub\\CharacterBookSite\\functions\\node_modules\\firebase-admin\\lib\\index.js"}} {"metadata":{"emulator":{"name":"functions"},"function":{"name":"app"},"message":"[runtime-status] [14464] firebase-admin has been stubbed. {\"adminResolution\":{\"declared\":true,\"installed\":true,\"version\":\"8.13.0\",\"resolution\":\"C:\\\\Users\\\\Ced Le Best\\\\Documents\\\\GitHub\\\\CharacterBookSite\\\\functions\\\\node_modules\\\\firebase-admin\\\\lib\\\\index.js\"}}"}}
[debug] [2020-10-25T15:03:27.641Z] [runtime-status] [14464] Trigger "app" has been found, beginning invocation! {"metadata":{"emulator":{"name":"functions"},"function":{"name":"app"},"message":"[runtime-status] [14464] Trigger \"app\" has been found, beginning invocation!"}}
[info] i  functions: Beginning execution of "app" {"metadata":{"emulator":{"name":"functions"},"function":{"name":"app"},"message":"Beginning execution of \"app\""}}
[debug] [2020-10-25T15:03:27.644Z] [runtime-status] [14464] triggerDefinition {"httpsTrigger":{},"name":"app","entryPoint":"app"} {"metadata":{"emulator":{"name":"functions"},"function":{"name":"app"},"message":"[runtime-status] [14464] triggerDefinition {\"httpsTrigger\":{},\"name\":\"app\",\"entryPoint\":\"app\"}"}}
[debug] [2020-10-25T15:03:27.645Z] [runtime-status] [14464] Running app in mode HTTPS {"metadata":{"emulator":{"name":"functions"},"function":{"name":"app"},"message":"[runtime-status] [14464] Running app in mode HTTPS"}}
[debug] [2020-10-25T15:03:27.655Z] [runtime-status] [14464] Attempting to listen to socketPath: \\?\pipe\C:\Users\Ced Le Best\Documents\GitHub\CharacterBookSite\functions\14464 {"metadata":{"emulator":{"name":"functions"},"function":{"name":"app"},"message":"[runtime-status] [14464] Attempting to listen to socketPath: \\\\?\\pipe\\C:\\Users\\Ced Le Best\\Documents\\GitHub\\CharacterBookSite\\functions\\14464"}}
[info] >  (node:14464) [SEQUELIZE0004] DeprecationWarning: A boolean value was passed to options.operatorsAliases. This is a no-op with v5 and should be removed. {"user":"(node:14464) [SEQUELIZE0004] DeprecationWarning: A boolean value was passed to options.operatorsAliases. This is a no-op with v5 and should be removed.","metadata":{"emulator":{"name":"functions"},"function":{"name":"app"},"message":"\u001b[90m> \u001b[39m (node:14464) [SEQUELIZE0004] DeprecationWarning: A boolean value was passed to options.operatorsAliases. This is a no-op with v5 and should be removed."}}
[debug] [2020-10-25T15:03:27.676Z] [functions] Runtime ready! Sending request! {"metadata":{"emulator":{"name":"functions"},"message":"[functions] Runtime ready! Sending request!"}}
[debug] [2020-10-25T15:03:27.703Z] [runtime-status] [14464] Ephemeral server handling GET request {"metadata":{"emulator":{"name":"functions"},"function":{"name":"app"},"message":"[runtime-status] [14464] Ephemeral server handling GET request"}}
[debug] [2020-10-25T15:03:27.723Z] [runtime-status] [14464] Ephemeral server survived. {"metadata":{"emulator":{"name":"functions"},"function":{"name":"app"},"message":"[runtime-status] [14464] Ephemeral server survived."}}
[info] >  Executing (default): SELECT 1+1 AS result {"user":"Executing (default): SELECT 1+1 AS result","metadata":{"emulator":{"name":"functions"},"function":{"name":"app"},"message":"\u001b[90m> \u001b[39m Executing (default): SELECT 1+1 AS result"}}
[info] >  Executing (default): CREATE TABLE IF NOT EXISTS `races` (`id` INTEGER NOT NULL auto_increment , `Name` VARCHAR(255), `Description` VARCHAR(255), `SizeDescription` VARCHAR(255), `AgeDescription` VARCHAR(255), `SpeedDescription` VARCHAR(255), `LanguageDescription` VARCHAR(255), PRIMARY KEY (`id`)) ENGINE=InnoDB; {"user":"Executing (default): CREATE TABLE IF NOT EXISTS `races` (`id` INTEGER NOT NULL auto_increment , `Name` VARCHAR(255), `Description` VARCHAR(255), `SizeDescription` VARCHAR(255), `AgeDescription` VARCHAR(255), `SpeedDescription` VARCHAR(255), `LanguageDescription` VARCHAR(255), PRIMARY KEY (`id`)) ENGINE=InnoDB;","metadata":{"emulator":{"name":"functions"},"function":{"name":"app"},"message":"\u001b[90m> \u001b[39m Executing (default): CREATE TABLE IF NOT EXISTS `races` (`id` INTEGER NOT NULL auto_increment , `Name` VARCHAR(255), `Description` VARCHAR(255), `SizeDescription` VARCHAR(255), `AgeDescription` VARCHAR(255), `SpeedDescription` VARCHAR(255), `LanguageDescription` VARCHAR(255), PRIMARY KEY (`id`)) ENGINE=InnoDB;"}}
[info] >  Executing (default): SELECT `id`, `Name`, `Description` FROM `classes` AS `classe`; {"user":"Executing (default): SELECT `id`, `Name`, `Description` FROM `classes` AS `classe`;","metadata":{"emulator":{"name":"functions"},"function":{"name":"app"},"message":"\u001b[90m> \u001b[39m Executing (default): SELECT `id`, `Name`, `Description` FROM `classes` AS `classe`;"}}
[info] >  Connection has been established successfully. {"user":"\u001b[36mConnection has been established successfully.\u001b[0m","metadata":{"emulator":{"name":"functions"},"function":{"name":"app"},"message":"\u001b[90m> \u001b[39m \u001b[36mConnection has been established successfully.\u001b[0m"}}
[info] >  Executing (default): SHOW INDEX FROM `races` {"user":"Executing (default): SHOW INDEX FROM `races`","metadata":{"emulator":{"name":"functions"},"function":{"name":"app"},"message":"\u001b[90m> \u001b[39m Executing (default): SHOW INDEX FROM `races`"}}
[info] i  functions: Finished "app" in ~1s {"metadata":{"emulator":{"name":"functions"},"function":{"name":"app"},"message":"Finished \"app\" in ~1s"}}
[debug] [2020-10-25T15:03:27.863Z] [worker-app-d7ba8865-5a25-463b-a5f2-041e00491653]: IDLE {"metadata":{"emulator":{"name":"functions"},"message":"[worker-app-d7ba8865-5a25-463b-a5f2-041e00491653]: IDLE"}}
[debug] [2020-10-25T15:03:27.864Z] [work-queue] {"queueLength":0,"workRunningCount":0}
[info] >  Executing (default): CREATE TABLE IF NOT EXISTS `classes` (`id` INTEGER NOT NULL auto_increment , `Name` VARCHAR(255), `Description` VARCHAR(255), PRIMARY KEY (`id`)) ENGINE=InnoDB; {"user":"Executing (default): CREATE TABLE IF NOT EXISTS `classes` (`id` INTEGER NOT NULL auto_increment , `Name` VARCHAR(255), `Description` VARCHAR(255), PRIMARY KEY (`id`)) ENGINE=InnoDB;","metadata":{"emulator":{"name":"functions"},"function":{"name":"app"},"message":"\u001b[90m> \u001b[39m Executing (default): CREATE TABLE IF NOT EXISTS `classes` (`id` INTEGER NOT NULL auto_increment , `Name` VARCHAR(255), `Description` VARCHAR(255), PRIMARY KEY (`id`)) ENGINE=InnoDB;"}}
[info] >  Executing (default): SHOW INDEX FROM `classes` {"user":"Executing (default): SHOW INDEX FROM `classes`","metadata":{"emulator":{"name":"functions"},"function":{"name":"app"},"message":"\u001b[90m> \u001b[39m Executing (default): SHOW INDEX FROM `classes`"}}
[info] >  Executing (default): CREATE TABLE IF NOT EXISTS `users` (`id` INTEGER NOT NULL auto_increment , `username` VARCHAR(255), `email` VARCHAR(255), `password` VARCHAR(255), `create_time` DATETIME, PRIMARY KEY (`id`)) ENGINE=InnoDB; {"user":"Executing (default): CREATE TABLE IF NOT EXISTS `users` (`id` INTEGER NOT NULL auto_increment , `username` VARCHAR(255), `email` VARCHAR(255), `password` VARCHAR(255), `create_time` DATETIME, PRIMARY KEY (`id`)) ENGINE=InnoDB;","metadata":{"emulator":{"name":"functions"},"function":{"name":"app"},"message":"\u001b[90m> \u001b[39m Executing (default): CREATE TABLE IF NOT EXISTS `users` (`id` INTEGER NOT NULL auto_increment , `username` VARCHAR(255), `email` VARCHAR(255), `password` VARCHAR(255), `create_time` DATETIME, PRIMARY KEY (`id`)) ENGINE=InnoDB;"}}
[info] >  Executing (default): SHOW INDEX FROM `users` {"user":"Executing (default): SHOW INDEX FROM `users`","metadata":{"emulator":{"name":"functions"},"function":{"name":"app"},"message":"\u001b[90m> \u001b[39m Executing (default): SHOW INDEX FROM `users`"}}
